<?xml version="1.0" encoding="UTF-8"?>
<!-- Generated by org.testng.reporters.JUnitReportReporter -->
<testsuite hostname="LAPTOP-0S2R7M59" failures="0" tests="1" name="com.resumedone.io.testcases.TC_BudapestTemplateContactPage_003" time="65.234" errors="0" timestamp="2023-01-24T17:26:06 IST" skipped="0">
  <testcase classname="com.resumedone.io.testcases.TC_BudapestTemplateContactPage_003" name="test3" time="65.234"/>
  <system-out/>
</testsuite> <!-- com.resumedone.io.testcases.TC_BudapestTemplateContactPage_003 -->
