<?xml version="1.0" encoding="UTF-8"?>
<!-- Generated by org.testng.reporters.JUnitReportReporter -->
<testsuite hostname="LAPTOP-0S2R7M59" failures="0" tests="1" name="com.resumedone.io.testcases.TC_SelectYourTemplate_002" time="82.152" errors="0" timestamp="2023-01-24T11:30:56 IST" skipped="0">
  <testcase classname="com.resumedone.io.testcases.TC_SelectYourTemplate_002" name="test2" time="82.152"/>
  <system-out/>
</testsuite> <!-- com.resumedone.io.testcases.TC_SelectYourTemplate_002 -->
